<?xml version="1.0" encoding="UTF-8"?>
<!-- Generated by org.testng.reporters.JUnitXMLReporter -->
<testsuite ignored="2" hostname="LAPTOP-M8PGPC8C" failures="2" tests="4" name="Regression" time="95.645" errors="0" timestamp="2021-06-27T15:52:17 IST">
  <testcase classname="com.Demo_Orange.TestCases.Login_TestCase" name="OrangeDemo" time="76.964"/>
  <testcase classname="com.Demo_Orange.TestCases.Login_TestCase" name="OrangeDemo" time="0.0">
    <failure type="java.lang.NullPointerException" message="null value in entry: url=null">
      <![CDATA[java.lang.NullPointerException: null value in entry: url=null
at com.google.common.collect.CollectPreconditions.checkEntryNotNull(CollectPreconditions.java:32)
at com.google.common.collect.SingletonImmutableBiMap.<init>(SingletonImmutableBiMap.java:42)
at com.google.common.collect.ImmutableBiMap.of(ImmutableBiMap.java:71)
at com.google.common.collect.ImmutableMap.of(ImmutableMap.java:124)
at org.openqa.selenium.remote.DriverCommand.GET(DriverCommand.java:56)
at org.openqa.selenium.remote.RemoteWebDriver.get(RemoteWebDriver.java:273)
at com.Demo_Orange.TestCases.Login_TestCase.OrangeDemo(Login_TestCase.java:33)
at java.base/java.util.ArrayList.forEach(ArrayList.java:1540)
... Removed 28 stack frames]]>
    </failure>
  </testcase> <!-- OrangeDemo -->
  <testcase classname="com.Demo_Orange.TestCases.Login_TestCase" name="OrangeDemo" time="0.0">
    <failure type="java.lang.NullPointerException" message="null value in entry: url=null">
      <![CDATA[java.lang.NullPointerException: null value in entry: url=null
at com.google.common.collect.CollectPreconditions.checkEntryNotNull(CollectPreconditions.java:32)
at com.google.common.collect.SingletonImmutableBiMap.<init>(SingletonImmutableBiMap.java:42)
at com.google.common.collect.ImmutableBiMap.of(ImmutableBiMap.java:71)
at com.google.common.collect.ImmutableMap.of(ImmutableMap.java:124)
at org.openqa.selenium.remote.DriverCommand.GET(DriverCommand.java:56)
at org.openqa.selenium.remote.RemoteWebDriver.get(RemoteWebDriver.java:273)
at com.Demo_Orange.TestCases.Login_TestCase.OrangeDemo(Login_TestCase.java:33)
at java.base/java.util.ArrayList.forEach(ArrayList.java:1540)
... Removed 28 stack frames]]>
    </failure>
  </testcase> <!-- OrangeDemo -->
  <testcase classname="com.Demo_Orange.TestCases.Recuiters" name="recuit" time="8.278"/>
  <testcase classname="com.Demo_Orange.TestCases.Base_Class_Testcase" name="@BeforeTest setup" time="0.0">
    <ignored/>
  </testcase> <!-- @BeforeTest setup -->
  <testcase classname="com.Demo_Orange.TestCases.Base_Class_Testcase" name="@AfterTest tearDown" time="0.0">
    <ignored/>
  </testcase> <!-- @AfterTest tearDown -->
</testsuite> <!-- Regression -->
